Using pre-set license
Built from '2021.3/staging' branch; Version is '2021.3.4f1 (cb45f9cae8b7) revision 13321721'; Using compiler version '192829333'; Build Type 'Release'
OS: 'Windows 11  (10.0.22000) 64bit Professional' Language: 'nl' Physical Memory: 16251 MB
BatchMode: 1, IsHumanControllingUs: 0, StartBugReporterOnCrash: 0, Is64bit: 1, IsPro: 1

COMMAND LINE ARGUMENTS:
C:\Program Files\Unity\Hub\Editor\2021.3.4f1\Editor\Unity.exe
-adb2
-batchMode
-noUpm
-name
AssetImportWorker0
-projectPath
C:/Users/abuis/GIT/Tryplane
-logFile
Logs/AssetImportWorker0.log
-srvPort
59179
Successfully changed project path to: C:/Users/abuis/GIT/Tryplane
C:/Users/abuis/GIT/Tryplane
[UnityMemory] Configuration Parameters - Can be set up in boot.config
    "memorysetup-bucket-allocator-granularity=16"
    "memorysetup-bucket-allocator-bucket-count=8"
    "memorysetup-bucket-allocator-block-size=33554432"
    "memorysetup-bucket-allocator-block-count=8"
    "memorysetup-main-allocator-block-size=16777216"
    "memorysetup-thread-allocator-block-size=16777216"
    "memorysetup-gfx-main-allocator-block-size=16777216"
    "memorysetup-gfx-thread-allocator-block-size=16777216"
    "memorysetup-cache-allocator-block-size=4194304"
    "memorysetup-typetree-allocator-block-size=2097152"
    "memorysetup-profiler-bucket-allocator-granularity=16"
    "memorysetup-profiler-bucket-allocator-bucket-count=8"
    "memorysetup-profiler-bucket-allocator-block-size=33554432"
    "memorysetup-profiler-bucket-allocator-block-count=8"
    "memorysetup-profiler-allocator-block-size=16777216"
    "memorysetup-profiler-editor-allocator-block-size=1048576"
    "memorysetup-temp-allocator-size-main=16777216"
    "memorysetup-job-temp-allocator-block-size=2097152"
    "memorysetup-job-temp-allocator-block-size-background=1048576"
    "memorysetup-job-temp-allocator-reduction-small-platforms=262144"
    "memorysetup-temp-allocator-size-background-worker=32768"
    "memorysetup-temp-allocator-size-job-worker=262144"
    "memorysetup-temp-allocator-size-preload-manager=33554432"
    "memorysetup-temp-allocator-size-nav-mesh-worker=65536"
    "memorysetup-temp-allocator-size-audio-worker=65536"
    "memorysetup-temp-allocator-size-cloud-worker=32768"
    "memorysetup-temp-allocator-size-gi-baking-worker=262144"
    "memorysetup-temp-allocator-size-gfx=262144"
Refreshing native plugins compatible for Editor in 79.84 ms, found 4 plugins.
Preloading 0 native plugins for Editor in 0.00 ms.
Initialize engine version: 2021.3.4f1 (cb45f9cae8b7)
[Subsystems] Discovering subsystems at path C:/Program Files/Unity/Hub/Editor/2021.3.4f1/Editor/Data/Resources/UnitySubsystems
[Subsystems] Discovering subsystems at path C:/Users/abuis/GIT/Tryplane/Assets
GfxDevice: creating device client; threaded=0; jobified=0
Direct3D:
    Version:  Direct3D 11.0 [level 11.1]
    Renderer: NVIDIA GeForce RTX 3060 (ID=0x2504)
    Vendor:   NVIDIA
    VRAM:     12142 MB
    Driver:   30.0.15.1295
Initialize mono
Mono path[0] = 'C:/Program Files/Unity/Hub/Editor/2021.3.4f1/Editor/Data/Managed'
Mono path[1] = 'C:/Program Files/Unity/Hub/Editor/2021.3.4f1/Editor/Data/MonoBleedingEdge/lib/mono/unityjit-win32'
Mono config path = 'C:/Program Files/Unity/Hub/Editor/2021.3.4f1/Editor/Data/MonoBleedingEdge/etc'
Using monoOptions --debugger-agent=transport=dt_socket,embedding=1,server=y,suspend=n,address=127.0.0.1:56812
Begin MonoManager ReloadAssembly
Registering precompiled unity dll's ...
Register platform support module: C:/Program Files/Unity/Hub/Editor/2021.3.4f1/Editor/Data/PlaybackEngines/WindowsStandaloneSupport/UnityEditor.WindowsStandalone.Extensions.dll
Registered in 0.003275 seconds.
Native extension for WindowsStandalone target not found
Refreshing native plugins compatible for Editor in 78.34 ms, found 4 plugins.
Preloading 0 native plugins for Editor in 0.00 ms.
Mono: successfully reloaded assembly
- Completed reload, in  0.499 seconds
Domain Reload Profiling:
	ReloadAssembly (499ms)
		BeginReloadAssembly (54ms)
			ExecutionOrderSort (0ms)
			DisableScriptedObjects (0ms)
			BackupInstance (0ms)
			ReleaseScriptingObjects (0ms)
			CreateAndSetChildDomain (1ms)
		EndReloadAssembly (361ms)
			LoadAssemblies (53ms)
			RebuildTransferFunctionScriptingTraits (0ms)
			SetupTypeCache (80ms)
			ReleaseScriptCaches (0ms)
			RebuildScriptCaches (21ms)
			SetupLoadedEditorAssemblies (218ms)
				LogAssemblyErrors (0ms)
				InitializePlatformSupportModulesInManaged (5ms)
				SetLoadedEditorAssemblies (0ms)
				RefreshPlugins (78ms)
				BeforeProcessingInitializeOnLoad (1ms)
				ProcessInitializeOnLoadAttributes (100ms)
				ProcessInitializeOnLoadMethodAttributes (33ms)
				AfterProcessingInitializeOnLoad (0ms)
				EditorAssembliesLoaded (0ms)
			ExecutionOrderSort2 (0ms)
			AwakeInstancesAfterBackupRestoration (0ms)
Platform modules already initialized, skipping
Registering precompiled user dll's ...
Registered in 0.005035 seconds.
Begin MonoManager ReloadAssembly
Symbol file LoadedFromMemory doesn't match image C:\Users\abuis\GIT\Tryplane\Library\PackageCache\com.unity.visualscripting@1.7.8\Editor\VisualScripting.Core\Dependencies\YamlDotNet\Unity.VisualScripting.YamlDotNet.dll
Symbol file LoadedFromMemory doesn't match image C:\Users\abuis\GIT\Tryplane\Library\PackageCache\com.unity.visualscripting@1.7.8\Editor\VisualScripting.Core\Dependencies\DotNetZip\Unity.VisualScripting.IonicZip.dll
Native extension for WindowsStandalone target not found
Refreshing native plugins compatible for Editor in 72.11 ms, found 4 plugins.
Preloading 0 native plugins for Editor in 0.00 ms.
Mono: successfully reloaded assembly
- Completed reload, in  0.865 seconds
Domain Reload Profiling:
	ReloadAssembly (865ms)
		BeginReloadAssembly (75ms)
			ExecutionOrderSort (0ms)
			DisableScriptedObjects (4ms)
			BackupInstance (0ms)
			ReleaseScriptingObjects (0ms)
			CreateAndSetChildDomain (13ms)
		EndReloadAssembly (700ms)
			LoadAssemblies (57ms)
			RebuildTransferFunctionScriptingTraits (0ms)
			SetupTypeCache (196ms)
			ReleaseScriptCaches (0ms)
			RebuildScriptCaches (43ms)
			SetupLoadedEditorAssemblies (362ms)
				LogAssemblyErrors (0ms)
				InitializePlatformSupportModulesInManaged (3ms)
				SetLoadedEditorAssemblies (0ms)
				RefreshPlugins (72ms)
				BeforeProcessingInitializeOnLoad (73ms)
				ProcessInitializeOnLoadAttributes (175ms)
				ProcessInitializeOnLoadMethodAttributes (34ms)
				AfterProcessingInitializeOnLoad (4ms)
				EditorAssembliesLoaded (0ms)
			ExecutionOrderSort2 (0ms)
			AwakeInstancesAfterBackupRestoration (4ms)
Platform modules already initialized, skipping
========================================================================
Worker process is ready to serve import requests
Launched and connected shader compiler UnityShaderCompiler.exe after 0.04 seconds
Refreshing native plugins compatible for Editor in 0.71 ms, found 4 plugins.
Preloading 0 native plugins for Editor in 0.00 ms.
Unloading 4056 Unused Serialized files (Serialized files now loaded: 0)
Unloading 44 unused Assets / (222.4 KB). Loaded Objects now: 4505.
Memory consumption went from 150.8 MB to 150.6 MB.
Total: 2.922600 ms (FindLiveObjects: 0.325900 ms CreateObjectMapping: 0.170800 ms MarkObjects: 2.303800 ms  DeleteObjects: 0.120600 ms)

AssetImportParameters requested are different than current active one (requested -> active):
  custom:video-decoder-ogg-theora: a1e56fd34408186e4bbccfd4996cb3dc -> 
  custom:container-muxer-webm: aa71ff27fc2769a1b78a27578f13a17b -> 
  custom:container-demuxer-webm: 4f35f7cbe854078d1ac9338744f61a02 -> 
  custom:video-encoder-webm-vp8: eb34c28f22e8b96e1ab97ce403110664 -> 
  custom:audio-encoder-webm-vorbis: bf7c407c2cedff20999df2af8eb42d56 -> 
  custom:framework-win-MediaFoundation: 216162199b28c13a410421893ffa2e32 -> 
  custom:container-demuxer-ogg: 62fdf1f143b41e24485cea50d1cbac27 -> 
  custom:video-decoder-webm-vp8: 9c59270c3fd7afecdb556c50c9e8de78 -> 
  custom:audio-decoder-ogg-vorbis: bf7c407c2cedff20999df2af8eb42d56 -> 
========================================================================
Received Import Request.
  Time since last request: 698821.048903 seconds.
  path: Assets
  artifactKey: Guid(00000000000000001000000000000000) Importer(815301076,1909f56bfc062723c751e8b465ee728b)
Start importing Assets using Guid(00000000000000001000000000000000) Importer(815301076,1909f56bfc062723c751e8b465ee728b)  -> (artifact id: '79842766b460edbeab6a34051e857a80') in 0.009561 seconds 
========================================================================
Received Import Request.
  Time since last request: 11.404891 seconds.
  path: Assets/Models
  artifactKey: Guid(f42333f575d04a14aa0b81adaf44c311) Importer(815301076,1909f56bfc062723c751e8b465ee728b)
Start importing Assets/Models using Guid(f42333f575d04a14aa0b81adaf44c311) Importer(815301076,1909f56bfc062723c751e8b465ee728b)  -> (artifact id: '1dbe434acb27ef3e60a7b439da7e9efc') in 0.006092 seconds 
========================================================================
Received Import Request.
  Time since last request: 22.633209 seconds.
  path: Assets/Models/Aircraft
  artifactKey: Guid(e445348fba351754caf1b35d3fb897e4) Importer(815301076,1909f56bfc062723c751e8b465ee728b)
Start importing Assets/Models/Aircraft using Guid(e445348fba351754caf1b35d3fb897e4) Importer(815301076,1909f56bfc062723c751e8b465ee728b)  -> (artifact id: 'a295816633c0a12642d78857ab691474') in 0.005803 seconds 
========================================================================
Received Import Request.
  Time since last request: 0.070437 seconds.
  path: Assets/Models/Aircraft/Plane.fbx
  artifactKey: Guid(2cb3d3477e91b5d4ab0419209c9875f6) Importer(815301076,1909f56bfc062723c751e8b465ee728b)
Start importing Assets/Models/Aircraft/Plane.fbx using Guid(2cb3d3477e91b5d4ab0419209c9875f6) Importer(815301076,1909f56bfc062723c751e8b465ee728b)  -> (artifact id: '705afbdbc63e33d60ac1fc09d0f9ad55') in 0.423837 seconds 
========================================================================
Received Import Request.
  Time since last request: 199.154693 seconds.
  path: Assets/Models/Aircraft/Shaders
  artifactKey: Guid(05828be6a9efd9b4a9bfab7ec433eeab) Importer(815301076,1909f56bfc062723c751e8b465ee728b)
Start importing Assets/Models/Aircraft/Shaders using Guid(05828be6a9efd9b4a9bfab7ec433eeab) Importer(815301076,1909f56bfc062723c751e8b465ee728b)  -> (artifact id: '0dd3bd9bed41782c2d985e94a0294c52') in 0.006129 seconds 
========================================================================
Received Import Request.
  Time since last request: 1.228626 seconds.
  path: Assets/Models/Aircraft/Shaders/Aircraft.shader
  artifactKey: Guid(ca099cc9433a59c4b948ac6942899af6) Importer(815301076,1909f56bfc062723c751e8b465ee728b)
Start importing Assets/Models/Aircraft/Shaders/Aircraft.shader using Guid(ca099cc9433a59c4b948ac6942899af6) Importer(815301076,1909f56bfc062723c751e8b465ee728b)  -> (artifact id: '8bb14d8bcf1bc4aaf2ad6879b4d52d92') in 0.004076 seconds 
========================================================================
Received Import Request.
  Time since last request: 260.026439 seconds.
  path: Assets/Models/Aircraft/Materials/Black.mat
  artifactKey: Guid(c0490a553fa3ea24a8d00f00ac4f64ad) Importer(815301076,1909f56bfc062723c751e8b465ee728b)
Start importing Assets/Models/Aircraft/Materials/Black.mat using Guid(c0490a553fa3ea24a8d00f00ac4f64ad) Importer(815301076,1909f56bfc062723c751e8b465ee728b)  -> (artifact id: 'a48ef3875ede6c2feb90f758e1b3478d') in 0.057883 seconds 
========================================================================
Received Import Request.
  Time since last request: 0.000022 seconds.
  path: Assets/Models/Aircraft/Materials/Wings.mat
  artifactKey: Guid(1b28f6a9d6f754e42be444920d2ebe91) Importer(815301076,1909f56bfc062723c751e8b465ee728b)
Start importing Assets/Models/Aircraft/Materials/Wings.mat using Guid(1b28f6a9d6f754e42be444920d2ebe91) Importer(815301076,1909f56bfc062723c751e8b465ee728b)  -> (artifact id: '87f6467b8bb9f71e55310521bd4c8e9c') in 0.010592 seconds 
========================================================================
Received Import Request.
  Time since last request: 0.000027 seconds.
  path: Assets/Models/Aircraft/Materials/Glow Green.mat
  artifactKey: Guid(d39a628efaee1214a9a7cf6e720f669e) Importer(815301076,1909f56bfc062723c751e8b465ee728b)
Start importing Assets/Models/Aircraft/Materials/Glow Green.mat using Guid(d39a628efaee1214a9a7cf6e720f669e) Importer(815301076,1909f56bfc062723c751e8b465ee728b)  -> (artifact id: 'a6f7f1ddee264363d9f6baec114defc3') in 0.076899 seconds 
========================================================================
Received Import Request.
  Time since last request: 0.000027 seconds.
  path: Assets/Models/Aircraft/Materials/Red light.mat
  artifactKey: Guid(4ad5a9bab39514f48b63439ff34a7c00) Importer(815301076,1909f56bfc062723c751e8b465ee728b)
Start importing Assets/Models/Aircraft/Materials/Red light.mat using Guid(4ad5a9bab39514f48b63439ff34a7c00) Importer(815301076,1909f56bfc062723c751e8b465ee728b)  -> (artifact id: 'e8d39bb2d524e2969c0934aec250f3a4') in 0.031414 seconds 
========================================================================
Received Import Request.
  Time since last request: 0.000035 seconds.
  path: Assets/Models/Aircraft/Materials/Prop Circle 1.mat
  artifactKey: Guid(0bfe2af55bd5ad94f9e6d36c2dea8c95) Importer(815301076,1909f56bfc062723c751e8b465ee728b)
Start importing Assets/Models/Aircraft/Materials/Prop Circle 1.mat using Guid(0bfe2af55bd5ad94f9e6d36c2dea8c95) Importer(815301076,1909f56bfc062723c751e8b465ee728b)  -> (artifact id: '1a0f2364af3d5de374a33f0bfaa14923') in 0.031012 seconds 
========================================================================
Received Import Request.
  Time since last request: 0.000032 seconds.
  path: Assets/Models/Aircraft/Materials/Flaps.mat
  artifactKey: Guid(7edd81bd024b6094f9568c7542b2ddd2) Importer(815301076,1909f56bfc062723c751e8b465ee728b)
Start importing Assets/Models/Aircraft/Materials/Flaps.mat using Guid(7edd81bd024b6094f9568c7542b2ddd2) Importer(815301076,1909f56bfc062723c751e8b465ee728b)  -> (artifact id: '4c734df8cd5e98209d1b0e4550d18825') in 0.012760 seconds 
========================================================================
Received Import Request.
  Time since last request: 0.000020 seconds.
  path: Assets/Models/Aircraft/Materials/Dark.mat
  artifactKey: Guid(c856842314c45e44d862972f8670abba) Importer(815301076,1909f56bfc062723c751e8b465ee728b)
Start importing Assets/Models/Aircraft/Materials/Dark.mat using Guid(c856842314c45e44d862972f8670abba) Importer(815301076,1909f56bfc062723c751e8b465ee728b)  -> (artifact id: 'cbe5fb97f27e6f73cf5eb0e93bc86ab5') in 0.011557 seconds 
========================================================================
Received Import Request.
  Time since last request: 0.000019 seconds.
  path: Assets/Models/Aircraft/Materials/Prop Circle.mat
  artifactKey: Guid(2f5766a763b3bfc41a4ba6bddc2dd788) Importer(815301076,1909f56bfc062723c751e8b465ee728b)
Start importing Assets/Models/Aircraft/Materials/Prop Circle.mat using Guid(2f5766a763b3bfc41a4ba6bddc2dd788) Importer(815301076,1909f56bfc062723c751e8b465ee728b)  -> (artifact id: 'cdd38f7a6c98ba8ab539f829f723374c') in 0.166980 seconds 
Editor requested this worker to shutdown with reason: Scaling down because of idle timeout
AssetImportWorker is now disconnected from the server
Process exiting
Exiting without the bug reporter. Application will terminate with return code 0